The system is: Linux - 4.4.0-66-generic - x86_64
Compiling the CXX compiler identification source file "CMakeCXXCompilerId.cpp" succeeded.
Compiler: /usr/bin/c++ 
Build flags: 
Id flags: 

The output was:
0


Compilation of the CXX compiler identification source "CMakeCXXCompilerId.cpp" produced "a.out"

The CXX compiler identification is GNU, found in "/home/thompsonlab/Documents/uhd/host/build/CMakeFiles/3.5.1/CompilerIdCXX/a.out"

Compiling the C compiler identification source file "CMakeCCompilerId.c" succeeded.
Compiler: /usr/bin/cc 
Build flags: 
Id flags: 

The output was:
0


Compilation of the C compiler identification source "CMakeCCompilerId.c" produced "a.out"

The C compiler identification is GNU, found in "/home/thompsonlab/Documents/uhd/host/build/CMakeFiles/3.5.1/CompilerIdC/a.out"

Determining if the CXX compiler works passed with the following output:
Change Dir: /home/thompsonlab/Documents/uhd/host/build/CMakeFiles/CMakeTmp

Run Build Command:"/usr/bin/make" "cmTC_8425c/fast"
/usr/bin/make -f CMakeFiles/cmTC_8425c.dir/build.make CMakeFiles/cmTC_8425c.dir/build
make[1]: Entering directory '/home/thompsonlab/Documents/uhd/host/build/CMakeFiles/CMakeTmp'
Building CXX object CMakeFiles/cmTC_8425c.dir/testCXXCompiler.cxx.o
/usr/bin/c++      -o CMakeFiles/cmTC_8425c.dir/testCXXCompiler.cxx.o -c /home/thompsonlab/Documents/uhd/host/build/CMakeFiles/CMakeTmp/testCXXCompiler.cxx
Linking CXX executable cmTC_8425c
/usr/bin/cmake -E cmake_link_script CMakeFiles/cmTC_8425c.dir/link.txt --verbose=1
/usr/bin/c++        CMakeFiles/cmTC_8425c.dir/testCXXCompiler.cxx.o  -o cmTC_8425c -rdynamic 
make[1]: Leaving directory '/home/thompsonlab/Documents/uhd/host/build/CMakeFiles/CMakeTmp'


Detecting CXX compiler ABI info compiled with the following output:
Change Dir: /home/thompsonlab/Documents/uhd/host/build/CMakeFiles/CMakeTmp

Run Build Command:"/usr/bin/make" "cmTC_c4dfd/fast"
/usr/bin/make -f CMakeFiles/cmTC_c4dfd.dir/build.make CMakeFiles/cmTC_c4dfd.dir/build
make[1]: Entering directory '/home/thompsonlab/Documents/uhd/host/build/CMakeFiles/CMakeTmp'
Building CXX object CMakeFiles/cmTC_c4dfd.dir/CMakeCXXCompilerABI.cpp.o
/usr/bin/c++      -o CMakeFiles/cmTC_c4dfd.dir/CMakeCXXCompilerABI.cpp.o -c /usr/share/cmake-3.5/Modules/CMakeCXXCompilerABI.cpp
Linking CXX executable cmTC_c4dfd
/usr/bin/cmake -E cmake_link_script CMakeFiles/cmTC_c4dfd.dir/link.txt --verbose=1
/usr/bin/c++       -v CMakeFiles/cmTC_c4dfd.dir/CMakeCXXCompilerABI.cpp.o  -o cmTC_c4dfd -rdynamic  
Using built-in specs.
COLLECT_GCC=/usr/bin/c++
COLLECT_LTO_WRAPPER=/usr/lib/gcc/x86_64-linux-gnu/5/lto-wrapper
Target: x86_64-linux-gnu
Configured with: ../src/configure -v --with-pkgversion='Ubuntu 5.4.0-6ubuntu1~16.04.4' --with-bugurl=file:///usr/share/doc/gcc-5/README.Bugs --enable-languages=c,ada,c++,java,go,d,fortran,objc,obj-c++ --prefix=/usr --program-suffix=-5 --enable-shared --enable-linker-build-id --libexecdir=/usr/lib --without-included-gettext --enable-threads=posix --libdir=/usr/lib --enable-nls --with-sysroot=/ --enable-clocale=gnu --enable-libstdcxx-debug --enable-libstdcxx-time=yes --with-default-libstdcxx-abi=new --enable-gnu-unique-object --disable-vtable-verify --enable-libmpx --enable-plugin --with-system-zlib --disable-browser-plugin --enable-java-awt=gtk --enable-gtk-cairo --with-java-home=/usr/lib/jvm/java-1.5.0-gcj-5-amd64/jre --enable-java-home --with-jvm-root-dir=/usr/lib/jvm/java-1.5.0-gcj-5-amd64 --with-jvm-jar-dir=/usr/lib/jvm-exports/java-1.5.0-gcj-5-amd64 --with-arch-directory=amd64 --with-ecj-jar=/usr/share/java/eclipse-ecj.jar --enable-objc-gc --enable-multiarch --disable-werror --with-arch-32=i686 --with-abi=m64 --with-multilib-list=m32,m64,mx32 --enable-multilib --with-tune=generic --enable-checking=release --build=x86_64-linux-gnu --host=x86_64-linux-gnu --target=x86_64-linux-gnu
Thread model: posix
gcc version 5.4.0 20160609 (Ubuntu 5.4.0-6ubuntu1~16.04.4) 
COMPILER_PATH=/usr/lib/gcc/x86_64-linux-gnu/5/:/usr/lib/gcc/x86_64-linux-gnu/5/:/usr/lib/gcc/x86_64-linux-gnu/:/usr/lib/gcc/x86_64-linux-gnu/5/:/usr/lib/gcc/x86_64-linux-gnu/
LIBRARY_PATH=/usr/lib/gcc/x86_64-linux-gnu/5/:/usr/lib/gcc/x86_64-linux-gnu/5/../../../x86_64-linux-gnu/:/usr/lib/gcc/x86_64-linux-gnu/5/../../../../lib/:/lib/x86_64-linux-gnu/:/lib/../lib/:/usr/lib/x86_64-linux-gnu/:/usr/lib/../lib/:/usr/lib/gcc/x86_64-linux-gnu/5/../../../:/lib/:/usr/lib/
COLLECT_GCC_OPTIONS='-v' '-o' 'cmTC_c4dfd' '-rdynamic' '-shared-libgcc' '-mtune=generic' '-march=x86-64'
 /usr/lib/gcc/x86_64-linux-gnu/5/collect2 -plugin /usr/lib/gcc/x86_64-linux-gnu/5/liblto_plugin.so -plugin-opt=/usr/lib/gcc/x86_64-linux-gnu/5/lto-wrapper -plugin-opt=-fresolution=/tmp/ccTqnYju.res -plugin-opt=-pass-through=-lgcc_s -plugin-opt=-pass-through=-lgcc -plugin-opt=-pass-through=-lc -plugin-opt=-pass-through=-lgcc_s -plugin-opt=-pass-through=-lgcc --sysroot=/ --build-id --eh-frame-hdr -m elf_x86_64 --hash-style=gnu --as-needed -export-dynamic -dynamic-linker /lib64/ld-linux-x86-64.so.2 -z relro -o cmTC_c4dfd /usr/lib/gcc/x86_64-linux-gnu/5/../../../x86_64-linux-gnu/crt1.o /usr/lib/gcc/x86_64-linux-gnu/5/../../../x86_64-linux-gnu/crti.o /usr/lib/gcc/x86_64-linux-gnu/5/crtbegin.o -L/usr/lib/gcc/x86_64-linux-gnu/5 -L/usr/lib/gcc/x86_64-linux-gnu/5/../../../x86_64-linux-gnu -L/usr/lib/gcc/x86_64-linux-gnu/5/../../../../lib -L/lib/x86_64-linux-gnu -L/lib/../lib -L/usr/lib/x86_64-linux-gnu -L/usr/lib/../lib -L/usr/lib/gcc/x86_64-linux-gnu/5/../../.. CMakeFiles/cmTC_c4dfd.dir/CMakeCXXCompilerABI.cpp.o -lstdc++ -lm -lgcc_s -lgcc -lc -lgcc_s -lgcc /usr/lib/gcc/x86_64-linux-gnu/5/crtend.o /usr/lib/gcc/x86_64-linux-gnu/5/../../../x86_64-linux-gnu/crtn.o
make[1]: Leaving directory '/home/thompsonlab/Documents/uhd/host/build/CMakeFiles/CMakeTmp'


Parsed CXX implicit link information from above output:
  link line regex: [^( *|.*[/\])(ld|([^/\]+-)?ld|collect2)[^/\]*( |$)]
  ignore line: [Change Dir: /home/thompsonlab/Documents/uhd/host/build/CMakeFiles/CMakeTmp]
  ignore line: []
  ignore line: [Run Build Command:"/usr/bin/make" "cmTC_c4dfd/fast"]
  ignore line: [/usr/bin/make -f CMakeFiles/cmTC_c4dfd.dir/build.make CMakeFiles/cmTC_c4dfd.dir/build]
  ignore line: [make[1]: Entering directory '/home/thompsonlab/Documents/uhd/host/build/CMakeFiles/CMakeTmp']
  ignore line: [Building CXX object CMakeFiles/cmTC_c4dfd.dir/CMakeCXXCompilerABI.cpp.o]
  ignore line: [/usr/bin/c++      -o CMakeFiles/cmTC_c4dfd.dir/CMakeCXXCompilerABI.cpp.o -c /usr/share/cmake-3.5/Modules/CMakeCXXCompilerABI.cpp]
  ignore line: [Linking CXX executable cmTC_c4dfd]
  ignore line: [/usr/bin/cmake -E cmake_link_script CMakeFiles/cmTC_c4dfd.dir/link.txt --verbose=1]
  ignore line: [/usr/bin/c++       -v CMakeFiles/cmTC_c4dfd.dir/CMakeCXXCompilerABI.cpp.o  -o cmTC_c4dfd -rdynamic  ]
  ignore line: [Using built-in specs.]
  ignore line: [COLLECT_GCC=/usr/bin/c++]
  ignore line: [COLLECT_LTO_WRAPPER=/usr/lib/gcc/x86_64-linux-gnu/5/lto-wrapper]
  ignore line: [Target: x86_64-linux-gnu]
  ignore line: [Configured with: ../src/configure -v --with-pkgversion='Ubuntu 5.4.0-6ubuntu1~16.04.4' --with-bugurl=file:///usr/share/doc/gcc-5/README.Bugs --enable-languages=c,ada,c++,java,go,d,fortran,objc,obj-c++ --prefix=/usr --program-suffix=-5 --enable-shared --enable-linker-build-id --libexecdir=/usr/lib --without-included-gettext --enable-threads=posix --libdir=/usr/lib --enable-nls --with-sysroot=/ --enable-clocale=gnu --enable-libstdcxx-debug --enable-libstdcxx-time=yes --with-default-libstdcxx-abi=new --enable-gnu-unique-object --disable-vtable-verify --enable-libmpx --enable-plugin --with-system-zlib --disable-browser-plugin --enable-java-awt=gtk --enable-gtk-cairo --with-java-home=/usr/lib/jvm/java-1.5.0-gcj-5-amd64/jre --enable-java-home --with-jvm-root-dir=/usr/lib/jvm/java-1.5.0-gcj-5-amd64 --with-jvm-jar-dir=/usr/lib/jvm-exports/java-1.5.0-gcj-5-amd64 --with-arch-directory=amd64 --with-ecj-jar=/usr/share/java/eclipse-ecj.jar --enable-objc-gc --enable-multiarch --disable-werror --with-arch-32=i686 --with-abi=m64 --with-multilib-list=m32,m64,mx32 --enable-multilib --with-tune=generic --enable-checking=release --build=x86_64-linux-gnu --host=x86_64-linux-gnu --target=x86_64-linux-gnu]
  ignore line: [Thread model: posix]
  ignore line: [gcc version 5.4.0 20160609 (Ubuntu 5.4.0-6ubuntu1~16.04.4) ]
  ignore line: [COMPILER_PATH=/usr/lib/gcc/x86_64-linux-gnu/5/:/usr/lib/gcc/x86_64-linux-gnu/5/:/usr/lib/gcc/x86_64-linux-gnu/:/usr/lib/gcc/x86_64-linux-gnu/5/:/usr/lib/gcc/x86_64-linux-gnu/]
  ignore line: [LIBRARY_PATH=/usr/lib/gcc/x86_64-linux-gnu/5/:/usr/lib/gcc/x86_64-linux-gnu/5/../../../x86_64-linux-gnu/:/usr/lib/gcc/x86_64-linux-gnu/5/../../../../lib/:/lib/x86_64-linux-gnu/:/lib/../lib/:/usr/lib/x86_64-linux-gnu/:/usr/lib/../lib/:/usr/lib/gcc/x86_64-linux-gnu/5/../../../:/lib/:/usr/lib/]
  ignore line: [COLLECT_GCC_OPTIONS='-v' '-o' 'cmTC_c4dfd' '-rdynamic' '-shared-libgcc' '-mtune=generic' '-march=x86-64']
  link line: [ /usr/lib/gcc/x86_64-linux-gnu/5/collect2 -plugin /usr/lib/gcc/x86_64-linux-gnu/5/liblto_plugin.so -plugin-opt=/usr/lib/gcc/x86_64-linux-gnu/5/lto-wrapper -plugin-opt=-fresolution=/tmp/ccTqnYju.res -plugin-opt=-pass-through=-lgcc_s -plugin-opt=-pass-through=-lgcc -plugin-opt=-pass-through=-lc -plugin-opt=-pass-through=-lgcc_s -plugin-opt=-pass-through=-lgcc --sysroot=/ --build-id --eh-frame-hdr -m elf_x86_64 --hash-style=gnu --as-needed -export-dynamic -dynamic-linker /lib64/ld-linux-x86-64.so.2 -z relro -o cmTC_c4dfd /usr/lib/gcc/x86_64-linux-gnu/5/../../../x86_64-linux-gnu/crt1.o /usr/lib/gcc/x86_64-linux-gnu/5/../../../x86_64-linux-gnu/crti.o /usr/lib/gcc/x86_64-linux-gnu/5/crtbegin.o -L/usr/lib/gcc/x86_64-linux-gnu/5 -L/usr/lib/gcc/x86_64-linux-gnu/5/../../../x86_64-linux-gnu -L/usr/lib/gcc/x86_64-linux-gnu/5/../../../../lib -L/lib/x86_64-linux-gnu -L/lib/../lib -L/usr/lib/x86_64-linux-gnu -L/usr/lib/../lib -L/usr/lib/gcc/x86_64-linux-gnu/5/../../.. CMakeFiles/cmTC_c4dfd.dir/CMakeCXXCompilerABI.cpp.o -lstdc++ -lm -lgcc_s -lgcc -lc -lgcc_s -lgcc /usr/lib/gcc/x86_64-linux-gnu/5/crtend.o /usr/lib/gcc/x86_64-linux-gnu/5/../../../x86_64-linux-gnu/crtn.o]
    arg [/usr/lib/gcc/x86_64-linux-gnu/5/collect2] ==> ignore
    arg [-plugin] ==> ignore
    arg [/usr/lib/gcc/x86_64-linux-gnu/5/liblto_plugin.so] ==> ignore
    arg [-plugin-opt=/usr/lib/gcc/x86_64-linux-gnu/5/lto-wrapper] ==> ignore
    arg [-plugin-opt=-fresolution=/tmp/ccTqnYju.res] ==> ignore
    arg [-plugin-opt=-pass-through=-lgcc_s] ==> ignore
    arg [-plugin-opt=-pass-through=-lgcc] ==> ignore
    arg [-plugin-opt=-pass-through=-lc] ==> ignore
    arg [-plugin-opt=-pass-through=-lgcc_s] ==> ignore
    arg [-plugin-opt=-pass-through=-lgcc] ==> ignore
    arg [--sysroot=/] ==> ignore
    arg [--build-id] ==> ignore
    arg [--eh-frame-hdr] ==> ignore
    arg [-m] ==> ignore
    arg [elf_x86_64] ==> ignore
    arg [--hash-style=gnu] ==> ignore
    arg [--as-needed] ==> ignore
    arg [-export-dynamic] ==> ignore
    arg [-dynamic-linker] ==> ignore
    arg [/lib64/ld-linux-x86-64.so.2] ==> ignore
    arg [-zrelro] ==> ignore
    arg [-o] ==> ignore
    arg [cmTC_c4dfd] ==> ignore
    arg [/usr/lib/gcc/x86_64-linux-gnu/5/../../../x86_64-linux-gnu/crt1.o] ==> ignore
    arg [/usr/lib/gcc/x86_64-linux-gnu/5/../../../x86_64-linux-gnu/crti.o] ==> ignore
    arg [/usr/lib/gcc/x86_64-linux-gnu/5/crtbegin.o] ==> ignore
    arg [-L/usr/lib/gcc/x86_64-linux-gnu/5] ==> dir [/usr/lib/gcc/x86_64-linux-gnu/5]
    arg [-L/usr/lib/gcc/x86_64-linux-gnu/5/../../../x86_64-linux-gnu] ==> dir [/usr/lib/gcc/x86_64-linux-gnu/5/../../../x86_64-linux-gnu]
    arg [-L/usr/lib/gcc/x86_64-linux-gnu/5/../../../../lib] ==> dir [/usr/lib/gcc/x86_64-linux-gnu/5/../../../../lib]
    arg [-L/lib/x86_64-linux-gnu] ==> dir [/lib/x86_64-linux-gnu]
    arg [-L/lib/../lib] ==> dir [/lib/../lib]
    arg [-L/usr/lib/x86_64-linux-gnu] ==> dir [/usr/lib/x86_64-linux-gnu]
    arg [-L/usr/lib/../lib] ==> dir [/usr/lib/../lib]
    arg [-L/usr/lib/gcc/x86_64-linux-gnu/5/../../..] ==> dir [/usr/lib/gcc/x86_64-linux-gnu/5/../../..]
    arg [CMakeFiles/cmTC_c4dfd.dir/CMakeCXXCompilerABI.cpp.o] ==> ignore
    arg [-lstdc++] ==> lib [stdc++]
    arg [-lm] ==> lib [m]
    arg [-lgcc_s] ==> lib [gcc_s]
    arg [-lgcc] ==> lib [gcc]
    arg [-lc] ==> lib [c]
    arg [-lgcc_s] ==> lib [gcc_s]
    arg [-lgcc] ==> lib [gcc]
    arg [/usr/lib/gcc/x86_64-linux-gnu/5/crtend.o] ==> ignore
    arg [/usr/lib/gcc/x86_64-linux-gnu/5/../../../x86_64-linux-gnu/crtn.o] ==> ignore
  remove lib [gcc_s]
  remove lib [gcc]
  remove lib [gcc_s]
  remove lib [gcc]
  collapse library dir [/usr/lib/gcc/x86_64-linux-gnu/5] ==> [/usr/lib/gcc/x86_64-linux-gnu/5]
  collapse library dir [/usr/lib/gcc/x86_64-linux-gnu/5/../../../x86_64-linux-gnu] ==> [/usr/lib/x86_64-linux-gnu]
  collapse library dir [/usr/lib/gcc/x86_64-linux-gnu/5/../../../../lib] ==> [/usr/lib]
  collapse library dir [/lib/x86_64-linux-gnu] ==> [/lib/x86_64-linux-gnu]
  collapse library dir [/lib/../lib] ==> [/lib]
  collapse library dir [/usr/lib/x86_64-linux-gnu] ==> [/usr/lib/x86_64-linux-gnu]
  collapse library dir [/usr/lib/../lib] ==> [/usr/lib]
  collapse library dir [/usr/lib/gcc/x86_64-linux-gnu/5/../../..] ==> [/usr/lib]
  implicit libs: [stdc++;m;c]
  implicit dirs: [/usr/lib/gcc/x86_64-linux-gnu/5;/usr/lib/x86_64-linux-gnu;/usr/lib;/lib/x86_64-linux-gnu;/lib]
  implicit fwks: []




Detecting CXX [-std=c++14] compiler features compiled with the following output:
Change Dir: /home/thompsonlab/Documents/uhd/host/build/CMakeFiles/CMakeTmp

Run Build Command:"/usr/bin/make" "cmTC_eb999/fast"
/usr/bin/make -f CMakeFiles/cmTC_eb999.dir/build.make CMakeFiles/cmTC_eb999.dir/build
make[1]: Entering directory '/home/thompsonlab/Documents/uhd/host/build/CMakeFiles/CMakeTmp'
Building CXX object CMakeFiles/cmTC_eb999.dir/feature_tests.cxx.o
/usr/bin/c++     -std=c++14 -o CMakeFiles/cmTC_eb999.dir/feature_tests.cxx.o -c /home/thompsonlab/Documents/uhd/host/build/CMakeFiles/feature_tests.cxx
Linking CXX executable cmTC_eb999
/usr/bin/cmake -E cmake_link_script CMakeFiles/cmTC_eb999.dir/link.txt --verbose=1
/usr/bin/c++        CMakeFiles/cmTC_eb999.dir/feature_tests.cxx.o  -o cmTC_eb999 -rdynamic 
make[1]: Leaving directory '/home/thompsonlab/Documents/uhd/host/build/CMakeFiles/CMakeTmp'


    Feature record: CXX_FEATURE:1cxx_aggregate_default_initializers
    Feature record: CXX_FEATURE:1cxx_alias_templates
    Feature record: CXX_FEATURE:1cxx_alignas
    Feature record: CXX_FEATURE:1cxx_alignof
    Feature record: CXX_FEATURE:1cxx_attributes
    Feature record: CXX_FEATURE:1cxx_attribute_deprecated
    Feature record: CXX_FEATURE:1cxx_auto_type
    Feature record: CXX_FEATURE:1cxx_binary_literals
    Feature record: CXX_FEATURE:1cxx_constexpr
    Feature record: CXX_FEATURE:1cxx_contextual_conversions
    Feature record: CXX_FEATURE:1cxx_decltype
    Feature record: CXX_FEATURE:1cxx_decltype_auto
    Feature record: CXX_FEATURE:1cxx_decltype_incomplete_return_types
    Feature record: CXX_FEATURE:1cxx_default_function_template_args
    Feature record: CXX_FEATURE:1cxx_defaulted_functions
    Feature record: CXX_FEATURE:1cxx_defaulted_move_initializers
    Feature record: CXX_FEATURE:1cxx_delegating_constructors
    Feature record: CXX_FEATURE:1cxx_deleted_functions
    Feature record: CXX_FEATURE:1cxx_digit_separators
    Feature record: CXX_FEATURE:1cxx_enum_forward_declarations
    Feature record: CXX_FEATURE:1cxx_explicit_conversions
    Feature record: CXX_FEATURE:1cxx_extended_friend_declarations
    Feature record: CXX_FEATURE:1cxx_extern_templates
    Feature record: CXX_FEATURE:1cxx_final
    Feature record: CXX_FEATURE:1cxx_func_identifier
    Feature record: CXX_FEATURE:1cxx_generalized_initializers
    Feature record: CXX_FEATURE:1cxx_generic_lambdas
    Feature record: CXX_FEATURE:1cxx_inheriting_constructors
    Feature record: CXX_FEATURE:1cxx_inline_namespaces
    Feature record: CXX_FEATURE:1cxx_lambdas
    Feature record: CXX_FEATURE:1cxx_lambda_init_captures
    Feature record: CXX_FEATURE:1cxx_local_type_template_args
    Feature record: CXX_FEATURE:1cxx_long_long_type
    Feature record: CXX_FEATURE:1cxx_noexcept
    Feature record: CXX_FEATURE:1cxx_nonstatic_member_init
    Feature record: CXX_FEATURE:1cxx_nullptr
    Feature record: CXX_FEATURE:1cxx_override
    Feature record: CXX_FEATURE:1cxx_range_for
    Feature record: CXX_FEATURE:1cxx_raw_string_literals
    Feature record: CXX_FEATURE:1cxx_reference_qualified_functions
    Feature record: CXX_FEATURE:1cxx_relaxed_constexpr
    Feature record: CXX_FEATURE:1cxx_return_type_deduction
    Feature record: CXX_FEATURE:1cxx_right_angle_brackets
    Feature record: CXX_FEATURE:1cxx_rvalue_references
    Feature record: CXX_FEATURE:1cxx_sizeof_member
    Feature record: CXX_FEATURE:1cxx_static_assert
    Feature record: CXX_FEATURE:1cxx_strong_enums
    Feature record: CXX_FEATURE:1cxx_template_template_parameters
    Feature record: CXX_FEATURE:1cxx_thread_local
    Feature record: CXX_FEATURE:1cxx_trailing_return_types
    Feature record: CXX_FEATURE:1cxx_unicode_literals
    Feature record: CXX_FEATURE:1cxx_uniform_initialization
    Feature record: CXX_FEATURE:1cxx_unrestricted_unions
    Feature record: CXX_FEATURE:1cxx_user_literals
    Feature record: CXX_FEATURE:1cxx_variable_templates
    Feature record: CXX_FEATURE:1cxx_variadic_macros
    Feature record: CXX_FEATURE:1cxx_variadic_templates


Detecting CXX [-std=c++11] compiler features compiled with the following output:
Change Dir: /home/thompsonlab/Documents/uhd/host/build/CMakeFiles/CMakeTmp

Run Build Command:"/usr/bin/make" "cmTC_4649f/fast"
/usr/bin/make -f CMakeFiles/cmTC_4649f.dir/build.make CMakeFiles/cmTC_4649f.dir/build
make[1]: Entering directory '/home/thompsonlab/Documents/uhd/host/build/CMakeFiles/CMakeTmp'
Building CXX object CMakeFiles/cmTC_4649f.dir/feature_tests.cxx.o
/usr/bin/c++     -std=c++11 -o CMakeFiles/cmTC_4649f.dir/feature_tests.cxx.o -c /home/thompsonlab/Documents/uhd/host/build/CMakeFiles/feature_tests.cxx
Linking CXX executable cmTC_4649f
/usr/bin/cmake -E cmake_link_script CMakeFiles/cmTC_4649f.dir/link.txt --verbose=1
/usr/bin/c++        CMakeFiles/cmTC_4649f.dir/feature_tests.cxx.o  -o cmTC_4649f -rdynamic 
make[1]: Leaving directory '/home/thompsonlab/Documents/uhd/host/build/CMakeFiles/CMakeTmp'


    Feature record: CXX_FEATURE:0cxx_aggregate_default_initializers
    Feature record: CXX_FEATURE:1cxx_alias_templates
    Feature record: CXX_FEATURE:1cxx_alignas
    Feature record: CXX_FEATURE:1cxx_alignof
    Feature record: CXX_FEATURE:1cxx_attributes
    Feature record: CXX_FEATURE:0cxx_attribute_deprecated
    Feature record: CXX_FEATURE:1cxx_auto_type
    Feature record: CXX_FEATURE:0cxx_binary_literals
    Feature record: CXX_FEATURE:1cxx_constexpr
    Feature record: CXX_FEATURE:0cxx_contextual_conversions
    Feature record: CXX_FEATURE:1cxx_decltype
    Feature record: CXX_FEATURE:0cxx_decltype_auto
    Feature record: CXX_FEATURE:1cxx_decltype_incomplete_return_types
    Feature record: CXX_FEATURE:1cxx_default_function_template_args
    Feature record: CXX_FEATURE:1cxx_defaulted_functions
    Feature record: CXX_FEATURE:1cxx_defaulted_move_initializers
    Feature record: CXX_FEATURE:1cxx_delegating_constructors
    Feature record: CXX_FEATURE:1cxx_deleted_functions
    Feature record: CXX_FEATURE:0cxx_digit_separators
    Feature record: CXX_FEATURE:1cxx_enum_forward_declarations
    Feature record: CXX_FEATURE:1cxx_explicit_conversions
    Feature record: CXX_FEATURE:1cxx_extended_friend_declarations
    Feature record: CXX_FEATURE:1cxx_extern_templates
    Feature record: CXX_FEATURE:1cxx_final
    Feature record: CXX_FEATURE:1cxx_func_identifier
    Feature record: CXX_FEATURE:1cxx_generalized_initializers
    Feature record: CXX_FEATURE:0cxx_generic_lambdas
    Feature record: CXX_FEATURE:1cxx_inheriting_constructors
    Feature record: CXX_FEATURE:1cxx_inline_namespaces
    Feature record: CXX_FEATURE:1cxx_lambdas
    Feature record: CXX_FEATURE:0cxx_lambda_init_captures
    Feature record: CXX_FEATURE:1cxx_local_type_template_args
    Feature record: CXX_FEATURE:1cxx_long_long_type
    Feature record: CXX_FEATURE:1cxx_noexcept
    Feature record: CXX_FEATURE:1cxx_nonstatic_member_init
    Feature record: CXX_FEATURE:1cxx_nullptr
    Feature record: CXX_FEATURE:1cxx_override
    Feature record: CXX_FEATURE:1cxx_range_for
    Feature record: CXX_FEATURE:1cxx_raw_string_literals
    Feature record: CXX_FEATURE:1cxx_reference_qualified_functions
    Feature record: CXX_FEATURE:0cxx_relaxed_constexpr
    Feature record: CXX_FEATURE:0cxx_return_type_deduction
    Feature record: CXX_FEATURE:1cxx_right_angle_brackets
    Feature record: CXX_FEATURE:1cxx_rvalue_references
    Feature record: CXX_FEATURE:1cxx_sizeof_member
    Feature record: CXX_FEATURE:1cxx_static_assert
    Feature record: CXX_FEATURE:1cxx_strong_enums
    Feature record: CXX_FEATURE:1cxx_template_template_parameters
    Feature record: CXX_FEATURE:1cxx_thread_local
    Feature record: CXX_FEATURE:1cxx_trailing_return_types
    Feature record: CXX_FEATURE:1cxx_unicode_literals
    Feature record: CXX_FEATURE:1cxx_uniform_initialization
    Feature record: CXX_FEATURE:1cxx_unrestricted_unions
    Feature record: CXX_FEATURE:1cxx_user_literals
    Feature record: CXX_FEATURE:0cxx_variable_templates
    Feature record: CXX_FEATURE:1cxx_variadic_macros
    Feature record: CXX_FEATURE:1cxx_variadic_templates


Detecting CXX [-std=c++98] compiler features compiled with the following output:
Change Dir: /home/thompsonlab/Documents/uhd/host/build/CMakeFiles/CMakeTmp

Run Build Command:"/usr/bin/make" "cmTC_667ca/fast"
/usr/bin/make -f CMakeFiles/cmTC_667ca.dir/build.make CMakeFiles/cmTC_667ca.dir/build
make[1]: Entering directory '/home/thompsonlab/Documents/uhd/host/build/CMakeFiles/CMakeTmp'
Building CXX object CMakeFiles/cmTC_667ca.dir/feature_tests.cxx.o
/usr/bin/c++     -std=c++98 -o CMakeFiles/cmTC_667ca.dir/feature_tests.cxx.o -c /home/thompsonlab/Documents/uhd/host/build/CMakeFiles/feature_tests.cxx
Linking CXX executable cmTC_667ca
/usr/bin/cmake -E cmake_link_script CMakeFiles/cmTC_667ca.dir/link.txt --verbose=1
/usr/bin/c++        CMakeFiles/cmTC_667ca.dir/feature_tests.cxx.o  -o cmTC_667ca -rdynamic 
make[1]: Leaving directory '/home/thompsonlab/Documents/uhd/host/build/CMakeFiles/CMakeTmp'


    Feature record: CXX_FEATURE:0cxx_aggregate_default_initializers
    Feature record: CXX_FEATURE:0cxx_alias_templates
    Feature record: CXX_FEATURE:0cxx_alignas
    Feature record: CXX_FEATURE:0cxx_alignof
    Feature record: CXX_FEATURE:0cxx_attributes
    Feature record: CXX_FEATURE:0cxx_attribute_deprecated
    Feature record: CXX_FEATURE:0cxx_auto_type
    Feature record: CXX_FEATURE:0cxx_binary_literals
    Feature record: CXX_FEATURE:0cxx_constexpr
    Feature record: CXX_FEATURE:0cxx_contextual_conversions
    Feature record: CXX_FEATURE:0cxx_decltype
    Feature record: CXX_FEATURE:0cxx_decltype_auto
    Feature record: CXX_FEATURE:0cxx_decltype_incomplete_return_types
    Feature record: CXX_FEATURE:0cxx_default_function_template_args
    Feature record: CXX_FEATURE:0cxx_defaulted_functions
    Feature record: CXX_FEATURE:0cxx_defaulted_move_initializers
    Feature record: CXX_FEATURE:0cxx_delegating_constructors
    Feature record: CXX_FEATURE:0cxx_deleted_functions
    Feature record: CXX_FEATURE:0cxx_digit_separators
    Feature record: CXX_FEATURE:0cxx_enum_forward_declarations
    Feature record: CXX_FEATURE:0cxx_explicit_conversions
    Feature record: CXX_FEATURE:0cxx_extended_friend_declarations
    Feature record: CXX_FEATURE:0cxx_extern_templates
    Feature record: CXX_FEATURE:0cxx_final
    Feature record: CXX_FEATURE:0cxx_func_identifier
    Feature record: CXX_FEATURE:0cxx_generalized_initializers
    Feature record: CXX_FEATURE:0cxx_generic_lambdas
    Feature record: CXX_FEATURE:0cxx_inheriting_constructors
    Feature record: CXX_FEATURE:0cxx_inline_namespaces
    Feature record: CXX_FEATURE:0cxx_lambdas
    Feature record: CXX_FEATURE:0cxx_lambda_init_captures
    Feature record: CXX_FEATURE:0cxx_local_type_template_args
    Feature record: CXX_FEATURE:0cxx_long_long_type
    Feature record: CXX_FEATURE:0cxx_noexcept
    Feature record: CXX_FEATURE:0cxx_nonstatic_member_init
    Feature record: CXX_FEATURE:0cxx_nullptr
    Feature record: CXX_FEATURE:0cxx_override
    Feature record: CXX_FEATURE:0cxx_range_for
    Feature record: CXX_FEATURE:0cxx_raw_string_literals
    Feature record: CXX_FEATURE:0cxx_reference_qualified_functions
    Feature record: CXX_FEATURE:0cxx_relaxed_constexpr
    Feature record: CXX_FEATURE:0cxx_return_type_deduction
    Feature record: CXX_FEATURE:0cxx_right_angle_brackets
    Feature record: CXX_FEATURE:0cxx_rvalue_references
    Feature record: CXX_FEATURE:0cxx_sizeof_member
    Feature record: CXX_FEATURE:0cxx_static_assert
    Feature record: CXX_FEATURE:0cxx_strong_enums
    Feature record: CXX_FEATURE:1cxx_template_template_parameters
    Feature record: CXX_FEATURE:0cxx_thread_local
    Feature record: CXX_FEATURE:0cxx_trailing_return_types
    Feature record: CXX_FEATURE:0cxx_unicode_literals
    Feature record: CXX_FEATURE:0cxx_uniform_initialization
    Feature record: CXX_FEATURE:0cxx_unrestricted_unions
    Feature record: CXX_FEATURE:0cxx_user_literals
    Feature record: CXX_FEATURE:0cxx_variable_templates
    Feature record: CXX_FEATURE:0cxx_variadic_macros
    Feature record: CXX_FEATURE:0cxx_variadic_templates
Determining if the C compiler works passed with the following output:
Change Dir: /home/thompsonlab/Documents/uhd/host/build/CMakeFiles/CMakeTmp

Run Build Command:"/usr/bin/make" "cmTC_f2b03/fast"
/usr/bin/make -f CMakeFiles/cmTC_f2b03.dir/build.make CMakeFiles/cmTC_f2b03.dir/build
make[1]: Entering directory '/home/thompsonlab/Documents/uhd/host/build/CMakeFiles/CMakeTmp'
Building C object CMakeFiles/cmTC_f2b03.dir/testCCompiler.c.o
/usr/bin/cc     -o CMakeFiles/cmTC_f2b03.dir/testCCompiler.c.o   -c /home/thompsonlab/Documents/uhd/host/build/CMakeFiles/CMakeTmp/testCCompiler.c
Linking C executable cmTC_f2b03
/usr/bin/cmake -E cmake_link_script CMakeFiles/cmTC_f2b03.dir/link.txt --verbose=1
/usr/bin/cc       CMakeFiles/cmTC_f2b03.dir/testCCompiler.c.o  -o cmTC_f2b03 -rdynamic 
make[1]: Leaving directory '/home/thompsonlab/Documents/uhd/host/build/CMakeFiles/CMakeTmp'


Detecting C compiler ABI info compiled with the following output:
Change Dir: /home/thompsonlab/Documents/uhd/host/build/CMakeFiles/CMakeTmp

Run Build Command:"/usr/bin/make" "cmTC_154b6/fast"
/usr/bin/make -f CMakeFiles/cmTC_154b6.dir/build.make CMakeFiles/cmTC_154b6.dir/build
make[1]: Entering directory '/home/thompsonlab/Documents/uhd/host/build/CMakeFiles/CMakeTmp'
Building C object CMakeFiles/cmTC_154b6.dir/CMakeCCompilerABI.c.o
/usr/bin/cc     -o CMakeFiles/cmTC_154b6.dir/CMakeCCompilerABI.c.o   -c /usr/share/cmake-3.5/Modules/CMakeCCompilerABI.c
Linking C executable cmTC_154b6
/usr/bin/cmake -E cmake_link_script CMakeFiles/cmTC_154b6.dir/link.txt --verbose=1
/usr/bin/cc      -v CMakeFiles/cmTC_154b6.dir/CMakeCCompilerABI.c.o  -o cmTC_154b6 -rdynamic  
Using built-in specs.
COLLECT_GCC=/usr/bin/cc
COLLECT_LTO_WRAPPER=/usr/lib/gcc/x86_64-linux-gnu/5/lto-wrapper
Target: x86_64-linux-gnu
Configured with: ../src/configure -v --with-pkgversion='Ubuntu 5.4.0-6ubuntu1~16.04.4' --with-bugurl=file:///usr/share/doc/gcc-5/README.Bugs --enable-languages=c,ada,c++,java,go,d,fortran,objc,obj-c++ --prefix=/usr --program-suffix=-5 --enable-shared --enable-linker-build-id --libexecdir=/usr/lib --without-included-gettext --enable-threads=posix --libdir=/usr/lib --enable-nls --with-sysroot=/ --enable-clocale=gnu --enable-libstdcxx-debug --enable-libstdcxx-time=yes --with-default-libstdcxx-abi=new --enable-gnu-unique-object --disable-vtable-verify --enable-libmpx --enable-plugin --with-system-zlib --disable-browser-plugin --enable-java-awt=gtk --enable-gtk-cairo --with-java-home=/usr/lib/jvm/java-1.5.0-gcj-5-amd64/jre --enable-java-home --with-jvm-root-dir=/usr/lib/jvm/java-1.5.0-gcj-5-amd64 --with-jvm-jar-dir=/usr/lib/jvm-exports/java-1.5.0-gcj-5-amd64 --with-arch-directory=amd64 --with-ecj-jar=/usr/share/java/eclipse-ecj.jar --enable-objc-gc --enable-multiarch --disable-werror --with-arch-32=i686 --with-abi=m64 --with-multilib-list=m32,m64,mx32 --enable-multilib --with-tune=generic --enable-checking=release --build=x86_64-linux-gnu --host=x86_64-linux-gnu --target=x86_64-linux-gnu
Thread model: posix
gcc version 5.4.0 20160609 (Ubuntu 5.4.0-6ubuntu1~16.04.4) 
COMPILER_PATH=/usr/lib/gcc/x86_64-linux-gnu/5/:/usr/lib/gcc/x86_64-linux-gnu/5/:/usr/lib/gcc/x86_64-linux-gnu/:/usr/lib/gcc/x86_64-linux-gnu/5/:/usr/lib/gcc/x86_64-linux-gnu/
LIBRARY_PATH=/usr/lib/gcc/x86_64-linux-gnu/5/:/usr/lib/gcc/x86_64-linux-gnu/5/../../../x86_64-linux-gnu/:/usr/lib/gcc/x86_64-linux-gnu/5/../../../../lib/:/lib/x86_64-linux-gnu/:/lib/../lib/:/usr/lib/x86_64-linux-gnu/:/usr/lib/../lib/:/usr/lib/gcc/x86_64-linux-gnu/5/../../../:/lib/:/usr/lib/
COLLECT_GCC_OPTIONS='-v' '-o' 'cmTC_154b6' '-rdynamic' '-mtune=generic' '-march=x86-64'
 /usr/lib/gcc/x86_64-linux-gnu/5/collect2 -plugin /usr/lib/gcc/x86_64-linux-gnu/5/liblto_plugin.so -plugin-opt=/usr/lib/gcc/x86_64-linux-gnu/5/lto-wrapper -plugin-opt=-fresolution=/tmp/cc1uIVRL.res -plugin-opt=-pass-through=-lgcc -plugin-opt=-pass-through=-lgcc_s -plugin-opt=-pass-through=-lc -plugin-opt=-pass-through=-lgcc -plugin-opt=-pass-through=-lgcc_s --sysroot=/ --build-id --eh-frame-hdr -m elf_x86_64 --hash-style=gnu --as-needed -export-dynamic -dynamic-linker /lib64/ld-linux-x86-64.so.2 -z relro -o cmTC_154b6 /usr/lib/gcc/x86_64-linux-gnu/5/../../../x86_64-linux-gnu/crt1.o /usr/lib/gcc/x86_64-linux-gnu/5/../../../x86_64-linux-gnu/crti.o /usr/lib/gcc/x86_64-linux-gnu/5/crtbegin.o -L/usr/lib/gcc/x86_64-linux-gnu/5 -L/usr/lib/gcc/x86_64-linux-gnu/5/../../../x86_64-linux-gnu -L/usr/lib/gcc/x86_64-linux-gnu/5/../../../../lib -L/lib/x86_64-linux-gnu -L/lib/../lib -L/usr/lib/x86_64-linux-gnu -L/usr/lib/../lib -L/usr/lib/gcc/x86_64-linux-gnu/5/../../.. CMakeFiles/cmTC_154b6.dir/CMakeCCompilerABI.c.o -lgcc --as-needed -lgcc_s --no-as-needed -lc -lgcc --as-needed -lgcc_s --no-as-needed /usr/lib/gcc/x86_64-linux-gnu/5/crtend.o /usr/lib/gcc/x86_64-linux-gnu/5/../../../x86_64-linux-gnu/crtn.o
make[1]: Leaving directory '/home/thompsonlab/Documents/uhd/host/build/CMakeFiles/CMakeTmp'


Parsed C implicit link information from above output:
  link line regex: [^( *|.*[/\])(ld|([^/\]+-)?ld|collect2)[^/\]*( |$)]
  ignore line: [Change Dir: /home/thompsonlab/Documents/uhd/host/build/CMakeFiles/CMakeTmp]
  ignore line: []
  ignore line: [Run Build Command:"/usr/bin/make" "cmTC_154b6/fast"]
  ignore line: [/usr/bin/make -f CMakeFiles/cmTC_154b6.dir/build.make CMakeFiles/cmTC_154b6.dir/build]
  ignore line: [make[1]: Entering directory '/home/thompsonlab/Documents/uhd/host/build/CMakeFiles/CMakeTmp']
  ignore line: [Building C object CMakeFiles/cmTC_154b6.dir/CMakeCCompilerABI.c.o]
  ignore line: [/usr/bin/cc     -o CMakeFiles/cmTC_154b6.dir/CMakeCCompilerABI.c.o   -c /usr/share/cmake-3.5/Modules/CMakeCCompilerABI.c]
  ignore line: [Linking C executable cmTC_154b6]
  ignore line: [/usr/bin/cmake -E cmake_link_script CMakeFiles/cmTC_154b6.dir/link.txt --verbose=1]
  ignore line: [/usr/bin/cc      -v CMakeFiles/cmTC_154b6.dir/CMakeCCompilerABI.c.o  -o cmTC_154b6 -rdynamic  ]
  ignore line: [Using built-in specs.]
  ignore line: [COLLECT_GCC=/usr/bin/cc]
  ignore line: [COLLECT_LTO_WRAPPER=/usr/lib/gcc/x86_64-linux-gnu/5/lto-wrapper]
  ignore line: [Target: x86_64-linux-gnu]
  ignore line: [Configured with: ../src/configure -v --with-pkgversion='Ubuntu 5.4.0-6ubuntu1~16.04.4' --with-bugurl=file:///usr/share/doc/gcc-5/README.Bugs --enable-languages=c,ada,c++,java,go,d,fortran,objc,obj-c++ --prefix=/usr --program-suffix=-5 --enable-shared --enable-linker-build-id --libexecdir=/usr/lib --without-included-gettext --enable-threads=posix --libdir=/usr/lib --enable-nls --with-sysroot=/ --enable-clocale=gnu --enable-libstdcxx-debug --enable-libstdcxx-time=yes --with-default-libstdcxx-abi=new --enable-gnu-unique-object --disable-vtable-verify --enable-libmpx --enable-plugin --with-system-zlib --disable-browser-plugin --enable-java-awt=gtk --enable-gtk-cairo --with-java-home=/usr/lib/jvm/java-1.5.0-gcj-5-amd64/jre --enable-java-home --with-jvm-root-dir=/usr/lib/jvm/java-1.5.0-gcj-5-amd64 --with-jvm-jar-dir=/usr/lib/jvm-exports/java-1.5.0-gcj-5-amd64 --with-arch-directory=amd64 --with-ecj-jar=/usr/share/java/eclipse-ecj.jar --enable-objc-gc --enable-multiarch --disable-werror --with-arch-32=i686 --with-abi=m64 --with-multilib-list=m32,m64,mx32 --enable-multilib --with-tune=generic --enable-checking=release --build=x86_64-linux-gnu --host=x86_64-linux-gnu --target=x86_64-linux-gnu]
  ignore line: [Thread model: posix]
  ignore line: [gcc version 5.4.0 20160609 (Ubuntu 5.4.0-6ubuntu1~16.04.4) ]
  ignore line: [COMPILER_PATH=/usr/lib/gcc/x86_64-linux-gnu/5/:/usr/lib/gcc/x86_64-linux-gnu/5/:/usr/lib/gcc/x86_64-linux-gnu/:/usr/lib/gcc/x86_64-linux-gnu/5/:/usr/lib/gcc/x86_64-linux-gnu/]
  ignore line: [LIBRARY_PATH=/usr/lib/gcc/x86_64-linux-gnu/5/:/usr/lib/gcc/x86_64-linux-gnu/5/../../../x86_64-linux-gnu/:/usr/lib/gcc/x86_64-linux-gnu/5/../../../../lib/:/lib/x86_64-linux-gnu/:/lib/../lib/:/usr/lib/x86_64-linux-gnu/:/usr/lib/../lib/:/usr/lib/gcc/x86_64-linux-gnu/5/../../../:/lib/:/usr/lib/]
  ignore line: [COLLECT_GCC_OPTIONS='-v' '-o' 'cmTC_154b6' '-rdynamic' '-mtune=generic' '-march=x86-64']
  link line: [ /usr/lib/gcc/x86_64-linux-gnu/5/collect2 -plugin /usr/lib/gcc/x86_64-linux-gnu/5/liblto_plugin.so -plugin-opt=/usr/lib/gcc/x86_64-linux-gnu/5/lto-wrapper -plugin-opt=-fresolution=/tmp/cc1uIVRL.res -plugin-opt=-pass-through=-lgcc -plugin-opt=-pass-through=-lgcc_s -plugin-opt=-pass-through=-lc -plugin-opt=-pass-through=-lgcc -plugin-opt=-pass-through=-lgcc_s --sysroot=/ --build-id --eh-frame-hdr -m elf_x86_64 --hash-style=gnu --as-needed -export-dynamic -dynamic-linker /lib64/ld-linux-x86-64.so.2 -z relro -o cmTC_154b6 /usr/lib/gcc/x86_64-linux-gnu/5/../../../x86_64-linux-gnu/crt1.o /usr/lib/gcc/x86_64-linux-gnu/5/../../../x86_64-linux-gnu/crti.o /usr/lib/gcc/x86_64-linux-gnu/5/crtbegin.o -L/usr/lib/gcc/x86_64-linux-gnu/5 -L/usr/lib/gcc/x86_64-linux-gnu/5/../../../x86_64-linux-gnu -L/usr/lib/gcc/x86_64-linux-gnu/5/../../../../lib -L/lib/x86_64-linux-gnu -L/lib/../lib -L/usr/lib/x86_64-linux-gnu -L/usr/lib/../lib -L/usr/lib/gcc/x86_64-linux-gnu/5/../../.. CMakeFiles/cmTC_154b6.dir/CMakeCCompilerABI.c.o -lgcc --as-needed -lgcc_s --no-as-needed -lc -lgcc --as-needed -lgcc_s --no-as-needed /usr/lib/gcc/x86_64-linux-gnu/5/crtend.o /usr/lib/gcc/x86_64-linux-gnu/5/../../../x86_64-linux-gnu/crtn.o]
    arg [/usr/lib/gcc/x86_64-linux-gnu/5/collect2] ==> ignore
    arg [-plugin] ==> ignore
    arg [/usr/lib/gcc/x86_64-linux-gnu/5/liblto_plugin.so] ==> ignore
    arg [-plugin-opt=/usr/lib/gcc/x86_64-linux-gnu/5/lto-wrapper] ==> ignore
    arg [-plugin-opt=-fresolution=/tmp/cc1uIVRL.res] ==> ignore
    arg [-plugin-opt=-pass-through=-lgcc] ==> ignore
    arg [-plugin-opt=-pass-through=-lgcc_s] ==> ignore
    arg [-plugin-opt=-pass-through=-lc] ==> ignore
    arg [-plugin-opt=-pass-through=-lgcc] ==> ignore
    arg [-plugin-opt=-pass-through=-lgcc_s] ==> ignore
    arg [--sysroot=/] ==> ignore
    arg [--build-id] ==> ignore
    arg [--eh-frame-hdr] ==> ignore
    arg [-m] ==> ignore
    arg [elf_x86_64] ==> ignore
    arg [--hash-style=gnu] ==> ignore
    arg [--as-needed] ==> ignore
    arg [-export-dynamic] ==> ignore
    arg [-dynamic-linker] ==> ignore
    arg [/lib64/ld-linux-x86-64.so.2] ==> ignore
    arg [-zrelro] ==> ignore
    arg [-o] ==> ignore
    arg [cmTC_154b6] ==> ignore
    arg [/usr/lib/gcc/x86_64-linux-gnu/5/../../../x86_64-linux-gnu/crt1.o] ==> ignore
    arg [/usr/lib/gcc/x86_64-linux-gnu/5/../../../x86_64-linux-gnu/crti.o] ==> ignore
    arg [/usr/lib/gcc/x86_64-linux-gnu/5/crtbegin.o] ==> ignore
    arg [-L/usr/lib/gcc/x86_64-linux-gnu/5] ==> dir [/usr/lib/gcc/x86_64-linux-gnu/5]
    arg [-L/usr/lib/gcc/x86_64-linux-gnu/5/../../../x86_64-linux-gnu] ==> dir [/usr/lib/gcc/x86_64-linux-gnu/5/../../../x86_64-linux-gnu]
    arg [-L/usr/lib/gcc/x86_64-linux-gnu/5/../../../../lib] ==> dir [/usr/lib/gcc/x86_64-linux-gnu/5/../../../../lib]
    arg [-L/lib/x86_64-linux-gnu] ==> dir [/lib/x86_64-linux-gnu]
    arg [-L/lib/../lib] ==> dir [/lib/../lib]
    arg [-L/usr/lib/x86_64-linux-gnu] ==> dir [/usr/lib/x86_64-linux-gnu]
    arg [-L/usr/lib/../lib] ==> dir [/usr/lib/../lib]
    arg [-L/usr/lib/gcc/x86_64-linux-gnu/5/../../..] ==> dir [/usr/lib/gcc/x86_64-linux-gnu/5/../../..]
    arg [CMakeFiles/cmTC_154b6.dir/CMakeCCompilerABI.c.o] ==> ignore
    arg [-lgcc] ==> lib [gcc]
    arg [--as-needed] ==> ignore
    arg [-lgcc_s] ==> lib [gcc_s]
    arg [--no-as-needed] ==> ignore
    arg [-lc] ==> lib [c]
    arg [-lgcc] ==> lib [gcc]
    arg [--as-needed] ==> ignore
    arg [-lgcc_s] ==> lib [gcc_s]
    arg [--no-as-needed] ==> ignore
    arg [/usr/lib/gcc/x86_64-linux-gnu/5/crtend.o] ==> ignore
    arg [/usr/lib/gcc/x86_64-linux-gnu/5/../../../x86_64-linux-gnu/crtn.o] ==> ignore
  remove lib [gcc]
  remove lib [gcc_s]
  remove lib [gcc]
  remove lib [gcc_s]
  collapse library dir [/usr/lib/gcc/x86_64-linux-gnu/5] ==> [/usr/lib/gcc/x86_64-linux-gnu/5]
  collapse library dir [/usr/lib/gcc/x86_64-linux-gnu/5/../../../x86_64-linux-gnu] ==> [/usr/lib/x86_64-linux-gnu]
  collapse library dir [/usr/lib/gcc/x86_64-linux-gnu/5/../../../../lib] ==> [/usr/lib]
  collapse library dir [/lib/x86_64-linux-gnu] ==> [/lib/x86_64-linux-gnu]
  collapse library dir [/lib/../lib] ==> [/lib]
  collapse library dir [/usr/lib/x86_64-linux-gnu] ==> [/usr/lib/x86_64-linux-gnu]
  collapse library dir [/usr/lib/../lib] ==> [/usr/lib]
  collapse library dir [/usr/lib/gcc/x86_64-linux-gnu/5/../../..] ==> [/usr/lib]
  implicit libs: [c]
  implicit dirs: [/usr/lib/gcc/x86_64-linux-gnu/5;/usr/lib/x86_64-linux-gnu;/usr/lib;/lib/x86_64-linux-gnu;/lib]
  implicit fwks: []




Detecting C [-std=c11] compiler features compiled with the following output:
Change Dir: /home/thompsonlab/Documents/uhd/host/build/CMakeFiles/CMakeTmp

Run Build Command:"/usr/bin/make" "cmTC_7827d/fast"
/usr/bin/make -f CMakeFiles/cmTC_7827d.dir/build.make CMakeFiles/cmTC_7827d.dir/build
make[1]: Entering directory '/home/thompsonlab/Documents/uhd/host/build/CMakeFiles/CMakeTmp'
Building C object CMakeFiles/cmTC_7827d.dir/feature_tests.c.o
/usr/bin/cc    -std=c11 -o CMakeFiles/cmTC_7827d.dir/feature_tests.c.o   -c /home/thompsonlab/Documents/uhd/host/build/CMakeFiles/feature_tests.c
Linking C executable cmTC_7827d
/usr/bin/cmake -E cmake_link_script CMakeFiles/cmTC_7827d.dir/link.txt --verbose=1
/usr/bin/cc       CMakeFiles/cmTC_7827d.dir/feature_tests.c.o  -o cmTC_7827d -rdynamic 
make[1]: Leaving directory '/home/thompsonlab/Documents/uhd/host/build/CMakeFiles/CMakeTmp'


    Feature record: C_FEATURE:1c_function_prototypes
    Feature record: C_FEATURE:1c_restrict
    Feature record: C_FEATURE:1c_static_assert
    Feature record: C_FEATURE:1c_variadic_macros


Detecting C [-std=c99] compiler features compiled with the following output:
Change Dir: /home/thompsonlab/Documents/uhd/host/build/CMakeFiles/CMakeTmp

Run Build Command:"/usr/bin/make" "cmTC_978c7/fast"
/usr/bin/make -f CMakeFiles/cmTC_978c7.dir/build.make CMakeFiles/cmTC_978c7.dir/build
make[1]: Entering directory '/home/thompsonlab/Documents/uhd/host/build/CMakeFiles/CMakeTmp'
Building C object CMakeFiles/cmTC_978c7.dir/feature_tests.c.o
/usr/bin/cc    -std=c99 -o CMakeFiles/cmTC_978c7.dir/feature_tests.c.o   -c /home/thompsonlab/Documents/uhd/host/build/CMakeFiles/feature_tests.c
Linking C executable cmTC_978c7
/usr/bin/cmake -E cmake_link_script CMakeFiles/cmTC_978c7.dir/link.txt --verbose=1
/usr/bin/cc       CMakeFiles/cmTC_978c7.dir/feature_tests.c.o  -o cmTC_978c7 -rdynamic 
make[1]: Leaving directory '/home/thompsonlab/Documents/uhd/host/build/CMakeFiles/CMakeTmp'


    Feature record: C_FEATURE:1c_function_prototypes
    Feature record: C_FEATURE:1c_restrict
    Feature record: C_FEATURE:0c_static_assert
    Feature record: C_FEATURE:1c_variadic_macros


Detecting C [-std=c90] compiler features compiled with the following output:
Change Dir: /home/thompsonlab/Documents/uhd/host/build/CMakeFiles/CMakeTmp

Run Build Command:"/usr/bin/make" "cmTC_c2619/fast"
/usr/bin/make -f CMakeFiles/cmTC_c2619.dir/build.make CMakeFiles/cmTC_c2619.dir/build
make[1]: Entering directory '/home/thompsonlab/Documents/uhd/host/build/CMakeFiles/CMakeTmp'
Building C object CMakeFiles/cmTC_c2619.dir/feature_tests.c.o
/usr/bin/cc    -std=c90 -o CMakeFiles/cmTC_c2619.dir/feature_tests.c.o   -c /home/thompsonlab/Documents/uhd/host/build/CMakeFiles/feature_tests.c
Linking C executable cmTC_c2619
/usr/bin/cmake -E cmake_link_script CMakeFiles/cmTC_c2619.dir/link.txt --verbose=1
/usr/bin/cc       CMakeFiles/cmTC_c2619.dir/feature_tests.c.o  -o cmTC_c2619 -rdynamic 
make[1]: Leaving directory '/home/thompsonlab/Documents/uhd/host/build/CMakeFiles/CMakeTmp'


    Feature record: C_FEATURE:1c_function_prototypes
    Feature record: C_FEATURE:0c_restrict
    Feature record: C_FEATURE:0c_static_assert
    Feature record: C_FEATURE:0c_variadic_macros
Performing C++ SOURCE FILE Test HAVE_VISIBILITY_HIDDEN succeeded with the following output:
Change Dir: /home/thompsonlab/Documents/uhd/host/build/CMakeFiles/CMakeTmp

Run Build Command:"/usr/bin/make" "cmTC_1d8fa/fast"
/usr/bin/make -f CMakeFiles/cmTC_1d8fa.dir/build.make CMakeFiles/cmTC_1d8fa.dir/build
make[1]: Entering directory '/home/thompsonlab/Documents/uhd/host/build/CMakeFiles/CMakeTmp'
Building CXX object CMakeFiles/cmTC_1d8fa.dir/src.cxx.o
/usr/bin/c++     -DHAVE_VISIBILITY_HIDDEN   -fvisibility=hidden -o CMakeFiles/cmTC_1d8fa.dir/src.cxx.o -c /home/thompsonlab/Documents/uhd/host/build/CMakeFiles/CMakeTmp/src.cxx
Linking CXX executable cmTC_1d8fa
/usr/bin/cmake -E cmake_link_script CMakeFiles/cmTC_1d8fa.dir/link.txt --verbose=1
/usr/bin/c++    -DHAVE_VISIBILITY_HIDDEN    CMakeFiles/cmTC_1d8fa.dir/src.cxx.o  -o cmTC_1d8fa -rdynamic 
make[1]: Leaving directory '/home/thompsonlab/Documents/uhd/host/build/CMakeFiles/CMakeTmp'

Source file was:
int main() { return 0; }
Performing C++ SOURCE FILE Test HAVE_VISIBILITY_INLINES_HIDDEN succeeded with the following output:
Change Dir: /home/thompsonlab/Documents/uhd/host/build/CMakeFiles/CMakeTmp

Run Build Command:"/usr/bin/make" "cmTC_9dd6d/fast"
/usr/bin/make -f CMakeFiles/cmTC_9dd6d.dir/build.make CMakeFiles/cmTC_9dd6d.dir/build
make[1]: Entering directory '/home/thompsonlab/Documents/uhd/host/build/CMakeFiles/CMakeTmp'
Building CXX object CMakeFiles/cmTC_9dd6d.dir/src.cxx.o
/usr/bin/c++     -fvisibility=hidden -DHAVE_VISIBILITY_INLINES_HIDDEN   -fvisibility-inlines-hidden -o CMakeFiles/cmTC_9dd6d.dir/src.cxx.o -c /home/thompsonlab/Documents/uhd/host/build/CMakeFiles/CMakeTmp/src.cxx
Linking CXX executable cmTC_9dd6d
/usr/bin/cmake -E cmake_link_script CMakeFiles/cmTC_9dd6d.dir/link.txt --verbose=1
/usr/bin/c++    -fvisibility=hidden -DHAVE_VISIBILITY_INLINES_HIDDEN    CMakeFiles/cmTC_9dd6d.dir/src.cxx.o  -o cmTC_9dd6d -rdynamic 
make[1]: Leaving directory '/home/thompsonlab/Documents/uhd/host/build/CMakeFiles/CMakeTmp'

Source file was:
int main() { return 0; }
Determining if the include file pthread.h exists passed with the following output:
Change Dir: /home/thompsonlab/Documents/uhd/host/build/CMakeFiles/CMakeTmp

Run Build Command:"/usr/bin/make" "cmTC_e9621/fast"
/usr/bin/make -f CMakeFiles/cmTC_e9621.dir/build.make CMakeFiles/cmTC_e9621.dir/build
make[1]: Entering directory '/home/thompsonlab/Documents/uhd/host/build/CMakeFiles/CMakeTmp'
Building C object CMakeFiles/cmTC_e9621.dir/CheckIncludeFile.c.o
/usr/bin/cc     -o CMakeFiles/cmTC_e9621.dir/CheckIncludeFile.c.o   -c /home/thompsonlab/Documents/uhd/host/build/CMakeFiles/CMakeTmp/CheckIncludeFile.c
Linking C executable cmTC_e9621
/usr/bin/cmake -E cmake_link_script CMakeFiles/cmTC_e9621.dir/link.txt --verbose=1
/usr/bin/cc       CMakeFiles/cmTC_e9621.dir/CheckIncludeFile.c.o  -o cmTC_e9621 -rdynamic 
make[1]: Leaving directory '/home/thompsonlab/Documents/uhd/host/build/CMakeFiles/CMakeTmp'


Determining if the function pthread_create exists in the pthread passed with the following output:
Change Dir: /home/thompsonlab/Documents/uhd/host/build/CMakeFiles/CMakeTmp

Run Build Command:"/usr/bin/make" "cmTC_9b577/fast"
/usr/bin/make -f CMakeFiles/cmTC_9b577.dir/build.make CMakeFiles/cmTC_9b577.dir/build
make[1]: Entering directory '/home/thompsonlab/Documents/uhd/host/build/CMakeFiles/CMakeTmp'
Building C object CMakeFiles/cmTC_9b577.dir/CheckFunctionExists.c.o
/usr/bin/cc    -DCHECK_FUNCTION_EXISTS=pthread_create   -o CMakeFiles/cmTC_9b577.dir/CheckFunctionExists.c.o   -c /usr/share/cmake-3.5/Modules/CheckFunctionExists.c
Linking C executable cmTC_9b577
/usr/bin/cmake -E cmake_link_script CMakeFiles/cmTC_9b577.dir/link.txt --verbose=1
/usr/bin/cc   -DCHECK_FUNCTION_EXISTS=pthread_create    CMakeFiles/cmTC_9b577.dir/CheckFunctionExists.c.o  -o cmTC_9b577 -rdynamic -lpthread 
make[1]: Leaving directory '/home/thompsonlab/Documents/uhd/host/build/CMakeFiles/CMakeTmp'


Determining if the log2 exist passed with the following output:
Change Dir: /home/thompsonlab/Documents/uhd/host/build/CMakeFiles/CMakeTmp

Run Build Command:"/usr/bin/make" "cmTC_bea60/fast"
/usr/bin/make -f CMakeFiles/cmTC_bea60.dir/build.make CMakeFiles/cmTC_bea60.dir/build
make[1]: Entering directory '/home/thompsonlab/Documents/uhd/host/build/CMakeFiles/CMakeTmp'
Building CXX object CMakeFiles/cmTC_bea60.dir/CheckSymbolExists.cxx.o
/usr/bin/c++     -fvisibility=hidden -fvisibility-inlines-hidden    -o CMakeFiles/cmTC_bea60.dir/CheckSymbolExists.cxx.o -c /home/thompsonlab/Documents/uhd/host/build/CMakeFiles/CMakeTmp/CheckSymbolExists.cxx
Linking CXX executable cmTC_bea60
/usr/bin/cmake -E cmake_link_script CMakeFiles/cmTC_bea60.dir/link.txt --verbose=1
/usr/bin/c++    -fvisibility=hidden -fvisibility-inlines-hidden     CMakeFiles/cmTC_bea60.dir/CheckSymbolExists.cxx.o  -o cmTC_bea60 -rdynamic 
make[1]: Leaving directory '/home/thompsonlab/Documents/uhd/host/build/CMakeFiles/CMakeTmp'

File /home/thompsonlab/Documents/uhd/host/build/CMakeFiles/CMakeTmp/CheckSymbolExists.cxx:
/* */
#include <cmath>

int main(int argc, char** argv)
{
  (void)argv;
#ifndef log2
  return ((int*)(&log2))[argc];
#else
  (void)argc;
  return 0;
#endif
}

Determining if the function libusb_handle_events_timeout_completed exists passed with the following output:
Change Dir: /home/thompsonlab/Documents/uhd/host/build/CMakeFiles/CMakeTmp

Run Build Command:"/usr/bin/make" "cmTC_5666d/fast"
/usr/bin/make -f CMakeFiles/cmTC_5666d.dir/build.make CMakeFiles/cmTC_5666d.dir/build
make[1]: Entering directory '/home/thompsonlab/Documents/uhd/host/build/CMakeFiles/CMakeTmp'
Building C object CMakeFiles/cmTC_5666d.dir/CheckFunctionExists.c.o
/usr/bin/cc   -I/usr/include/libusb-1.0  -DCHECK_FUNCTION_EXISTS=libusb_handle_events_timeout_completed   -o CMakeFiles/cmTC_5666d.dir/CheckFunctionExists.c.o   -c /usr/share/cmake-3.5/Modules/CheckFunctionExists.c
Linking C executable cmTC_5666d
/usr/bin/cmake -E cmake_link_script CMakeFiles/cmTC_5666d.dir/link.txt --verbose=1
/usr/bin/cc   -DCHECK_FUNCTION_EXISTS=libusb_handle_events_timeout_completed    CMakeFiles/cmTC_5666d.dir/CheckFunctionExists.c.o  -o cmTC_5666d -rdynamic /usr/lib/x86_64-linux-gnu/libusb-1.0.so 
make[1]: Leaving directory '/home/thompsonlab/Documents/uhd/host/build/CMakeFiles/CMakeTmp'


Determining if the function libusb_error_name exists passed with the following output:
Change Dir: /home/thompsonlab/Documents/uhd/host/build/CMakeFiles/CMakeTmp

Run Build Command:"/usr/bin/make" "cmTC_a488d/fast"
/usr/bin/make -f CMakeFiles/cmTC_a488d.dir/build.make CMakeFiles/cmTC_a488d.dir/build
make[1]: Entering directory '/home/thompsonlab/Documents/uhd/host/build/CMakeFiles/CMakeTmp'
Building C object CMakeFiles/cmTC_a488d.dir/CheckFunctionExists.c.o
/usr/bin/cc   -I/usr/include/libusb-1.0  -DCHECK_FUNCTION_EXISTS=libusb_error_name   -o CMakeFiles/cmTC_a488d.dir/CheckFunctionExists.c.o   -c /usr/share/cmake-3.5/Modules/CheckFunctionExists.c
Linking C executable cmTC_a488d
/usr/bin/cmake -E cmake_link_script CMakeFiles/cmTC_a488d.dir/link.txt --verbose=1
/usr/bin/cc   -DCHECK_FUNCTION_EXISTS=libusb_error_name    CMakeFiles/cmTC_a488d.dir/CheckFunctionExists.c.o  -o cmTC_a488d -rdynamic /usr/lib/x86_64-linux-gnu/libusb-1.0.so 
make[1]: Leaving directory '/home/thompsonlab/Documents/uhd/host/build/CMakeFiles/CMakeTmp'


Determining if the function libusb_strerror exists passed with the following output:
Change Dir: /home/thompsonlab/Documents/uhd/host/build/CMakeFiles/CMakeTmp

Run Build Command:"/usr/bin/make" "cmTC_cf6eb/fast"
/usr/bin/make -f CMakeFiles/cmTC_cf6eb.dir/build.make CMakeFiles/cmTC_cf6eb.dir/build
make[1]: Entering directory '/home/thompsonlab/Documents/uhd/host/build/CMakeFiles/CMakeTmp'
Building C object CMakeFiles/cmTC_cf6eb.dir/CheckFunctionExists.c.o
/usr/bin/cc   -I/usr/include/libusb-1.0  -DCHECK_FUNCTION_EXISTS=libusb_strerror   -o CMakeFiles/cmTC_cf6eb.dir/CheckFunctionExists.c.o   -c /usr/share/cmake-3.5/Modules/CheckFunctionExists.c
Linking C executable cmTC_cf6eb
/usr/bin/cmake -E cmake_link_script CMakeFiles/cmTC_cf6eb.dir/link.txt --verbose=1
/usr/bin/cc   -DCHECK_FUNCTION_EXISTS=libusb_strerror    CMakeFiles/cmTC_cf6eb.dir/CheckFunctionExists.c.o  -o cmTC_cf6eb -rdynamic /usr/lib/x86_64-linux-gnu/libusb-1.0.so 
make[1]: Leaving directory '/home/thompsonlab/Documents/uhd/host/build/CMakeFiles/CMakeTmp'


Performing C++ SOURCE FILE Test HAVE_CLOCK_GETTIME succeeded with the following output:
Change Dir: /home/thompsonlab/Documents/uhd/host/build/CMakeFiles/CMakeTmp

Run Build Command:"/usr/bin/make" "cmTC_55914/fast"
/usr/bin/make -f CMakeFiles/cmTC_55914.dir/build.make CMakeFiles/cmTC_55914.dir/build
make[1]: Entering directory '/home/thompsonlab/Documents/uhd/host/build/CMakeFiles/CMakeTmp'
Building CXX object CMakeFiles/cmTC_55914.dir/src.cxx.o
/usr/bin/c++    -I/usr/include/libusb-1.0  -fvisibility=hidden -fvisibility-inlines-hidden -DHAVE_CLOCK_GETTIME   -o CMakeFiles/cmTC_55914.dir/src.cxx.o -c /home/thompsonlab/Documents/uhd/host/build/CMakeFiles/CMakeTmp/src.cxx
Linking CXX executable cmTC_55914
/usr/bin/cmake -E cmake_link_script CMakeFiles/cmTC_55914.dir/link.txt --verbose=1
/usr/bin/c++    -fvisibility=hidden -fvisibility-inlines-hidden -DHAVE_CLOCK_GETTIME    CMakeFiles/cmTC_55914.dir/src.cxx.o  -o cmTC_55914 -rdynamic -lrt 
make[1]: Leaving directory '/home/thompsonlab/Documents/uhd/host/build/CMakeFiles/CMakeTmp'

Source file was:

    #include <ctime>
    int main(){
        timespec ts;
        return clock_gettime(CLOCK_MONOTONIC, &ts);
    }
    
Determining if the include file emmintrin.h exists passed with the following output:
Change Dir: /home/thompsonlab/Documents/uhd/host/build/CMakeFiles/CMakeTmp

Run Build Command:"/usr/bin/make" "cmTC_79852/fast"
/usr/bin/make -f CMakeFiles/cmTC_79852.dir/build.make CMakeFiles/cmTC_79852.dir/build
make[1]: Entering directory '/home/thompsonlab/Documents/uhd/host/build/CMakeFiles/CMakeTmp'
Building CXX object CMakeFiles/cmTC_79852.dir/CheckIncludeFile.cxx.o
/usr/bin/c++    -I/usr/include/libusb-1.0  -fvisibility=hidden -fvisibility-inlines-hidden -msse2   -o CMakeFiles/cmTC_79852.dir/CheckIncludeFile.cxx.o -c /home/thompsonlab/Documents/uhd/host/build/CMakeFiles/CMakeTmp/CheckIncludeFile.cxx
Linking CXX executable cmTC_79852
/usr/bin/cmake -E cmake_link_script CMakeFiles/cmTC_79852.dir/link.txt --verbose=1
/usr/bin/c++    -fvisibility=hidden -fvisibility-inlines-hidden -msse2    CMakeFiles/cmTC_79852.dir/CheckIncludeFile.cxx.o  -o cmTC_79852 -rdynamic 
make[1]: Leaving directory '/home/thompsonlab/Documents/uhd/host/build/CMakeFiles/CMakeTmp'


Performing C++ SOURCE FILE Test HAVE_PTHREAD_SETSCHEDPARAM succeeded with the following output:
Change Dir: /home/thompsonlab/Documents/uhd/host/build/CMakeFiles/CMakeTmp

Run Build Command:"/usr/bin/make" "cmTC_d4982/fast"
/usr/bin/make -f CMakeFiles/cmTC_d4982.dir/build.make CMakeFiles/cmTC_d4982.dir/build
make[1]: Entering directory '/home/thompsonlab/Documents/uhd/host/build/CMakeFiles/CMakeTmp'
Building CXX object CMakeFiles/cmTC_d4982.dir/src.cxx.o
/usr/bin/c++    -I/usr/include/libusb-1.0  -fvisibility=hidden -fvisibility-inlines-hidden -DHAVE_PTHREAD_SETSCHEDPARAM   -o CMakeFiles/cmTC_d4982.dir/src.cxx.o -c /home/thompsonlab/Documents/uhd/host/build/CMakeFiles/CMakeTmp/src.cxx
Linking CXX executable cmTC_d4982
/usr/bin/cmake -E cmake_link_script CMakeFiles/cmTC_d4982.dir/link.txt --verbose=1
/usr/bin/c++    -fvisibility=hidden -fvisibility-inlines-hidden -DHAVE_PTHREAD_SETSCHEDPARAM    CMakeFiles/cmTC_d4982.dir/src.cxx.o  -o cmTC_d4982 -rdynamic 
make[1]: Leaving directory '/home/thompsonlab/Documents/uhd/host/build/CMakeFiles/CMakeTmp'

Source file was:

    #include <pthread.h>
    int main(){
        struct sched_param sp;
        pthread_setschedparam(pthread_self(), SCHED_RR, &sp);
        return 0;
    }
    
Performing C++ SOURCE FILE Test HAVE_DLOPEN succeeded with the following output:
Change Dir: /home/thompsonlab/Documents/uhd/host/build/CMakeFiles/CMakeTmp

Run Build Command:"/usr/bin/make" "cmTC_54ad1/fast"
/usr/bin/make -f CMakeFiles/cmTC_54ad1.dir/build.make CMakeFiles/cmTC_54ad1.dir/build
make[1]: Entering directory '/home/thompsonlab/Documents/uhd/host/build/CMakeFiles/CMakeTmp'
Building CXX object CMakeFiles/cmTC_54ad1.dir/src.cxx.o
/usr/bin/c++    -I/usr/include/libusb-1.0  -fvisibility=hidden -fvisibility-inlines-hidden -DHAVE_DLOPEN   -o CMakeFiles/cmTC_54ad1.dir/src.cxx.o -c /home/thompsonlab/Documents/uhd/host/build/CMakeFiles/CMakeTmp/src.cxx
Linking CXX executable cmTC_54ad1
/usr/bin/cmake -E cmake_link_script CMakeFiles/cmTC_54ad1.dir/link.txt --verbose=1
/usr/bin/c++    -fvisibility=hidden -fvisibility-inlines-hidden -DHAVE_DLOPEN    CMakeFiles/cmTC_54ad1.dir/src.cxx.o  -o cmTC_54ad1 -rdynamic -ldl 
make[1]: Leaving directory '/home/thompsonlab/Documents/uhd/host/build/CMakeFiles/CMakeTmp'

Source file was:

    #include <dlfcn.h>
    int main(){
        dlopen(0, 0);
        return 0;
    }
    
Performing C++ SOURCE FILE Test HAVE_GETIFADDRS succeeded with the following output:
Change Dir: /home/thompsonlab/Documents/uhd/host/build/CMakeFiles/CMakeTmp

Run Build Command:"/usr/bin/make" "cmTC_828d9/fast"
/usr/bin/make -f CMakeFiles/cmTC_828d9.dir/build.make CMakeFiles/cmTC_828d9.dir/build
make[1]: Entering directory '/home/thompsonlab/Documents/uhd/host/build/CMakeFiles/CMakeTmp'
Building CXX object CMakeFiles/cmTC_828d9.dir/src.cxx.o
/usr/bin/c++    -I/usr/include/libusb-1.0  -fvisibility=hidden -fvisibility-inlines-hidden -DHAVE_GETIFADDRS   -o CMakeFiles/cmTC_828d9.dir/src.cxx.o -c /home/thompsonlab/Documents/uhd/host/build/CMakeFiles/CMakeTmp/src.cxx
Linking CXX executable cmTC_828d9
/usr/bin/cmake -E cmake_link_script CMakeFiles/cmTC_828d9.dir/link.txt --verbose=1
/usr/bin/c++    -fvisibility=hidden -fvisibility-inlines-hidden -DHAVE_GETIFADDRS    CMakeFiles/cmTC_828d9.dir/src.cxx.o  -o cmTC_828d9 -rdynamic 
make[1]: Leaving directory '/home/thompsonlab/Documents/uhd/host/build/CMakeFiles/CMakeTmp'

Source file was:

    #include <ifaddrs.h>
    int main(){
        struct ifaddrs *ifap;
        getifaddrs(&ifap);
        return 0;
    }
    
Performing C SOURCE FILE Test HAVE_C99_STRUCTDECL succeeded with the following output:
Change Dir: /home/thompsonlab/Documents/uhd/host/build/CMakeFiles/CMakeTmp

Run Build Command:"/usr/bin/make" "cmTC_35ccb/fast"
/usr/bin/make -f CMakeFiles/cmTC_35ccb.dir/build.make CMakeFiles/cmTC_35ccb.dir/build
make[1]: Entering directory '/home/thompsonlab/Documents/uhd/host/build/CMakeFiles/CMakeTmp'
Building C object CMakeFiles/cmTC_35ccb.dir/src.c.o
/usr/bin/cc    -DHAVE_C99_STRUCTDECL   -o CMakeFiles/cmTC_35ccb.dir/src.c.o   -c /home/thompsonlab/Documents/uhd/host/build/CMakeFiles/CMakeTmp/src.c
Linking C executable cmTC_35ccb
/usr/bin/cmake -E cmake_link_script CMakeFiles/cmTC_35ccb.dir/link.txt --verbose=1
/usr/bin/cc   -DHAVE_C99_STRUCTDECL    CMakeFiles/cmTC_35ccb.dir/src.c.o  -o cmTC_35ccb -rdynamic 
make[1]: Leaving directory '/home/thompsonlab/Documents/uhd/host/build/CMakeFiles/CMakeTmp'

Source file was:

    typedef struct {
        int bar;
        int baz;
    } foo;

    int main()
    {
        foo wat = {
            .bar = 1,
            .baz = 2
        };

        return 0;
    }
    
